[2026-07-06 15:29:22] Created flow file for Dispatched Quantity
└── File: flow/dispatched-quantity.yml
    ├── Choice: YAML format for flow-centric mapping
    └── Changes:
        ├── documentation -> Add Dispatched Quantity flow reference mapping mechanism A and B
        └── flow/dispatched-quantity.yml -> Added new flow file to document dispatched quantity flow

[2026-07-07 15:36:13] Created AlloyDB setup (Local, GCP & CLI Wrapper)
└── File: deploy/alloydb/
    ├── Choice: Standalone script CLI wrapping Docker Compose and Terraform, with strictly no comments
    └── Changes:
        ├── local-dev -> Docker-compose setup for AlloyDB Omni
        ├── gcp-deploy -> Terraform configuration for Private VPC and AlloyDB Cluster/Instance
        ├── management -> Executable alloydb-cli.sh wrapper script
        └── documentation -> README.md documenting the files and all CLI commands

[2026-07-07 15:39:11] Dockerized application services and integrated AlloyDB
└── File: /home/btpl-lap-22/live/ProcureIQ/
    ├── Choice: Multi-stage Dockerfiles and top-level docker-compose orchestrating all apps
    └── Changes:
        ├── Dockerfiles -> Created Dockerfiles for springboot, python, and nextjs without comments
        ├── entrypoint -> Added minimal main.py for FastAPI service
        ├── orchestrate -> Created root docker-compose.yml linking all apps to AlloyDB Omni
        └── documentation -> Created root README.md summarizing project structure and commands

[2026-07-07 15:44:23] Restructured workflow files
└── File: flow/
    ├── Choice: Replaced old dispatch quantity workflow and added new workflow templates
    └── Changes:
        ├── rename -> Removed flow/dispatched-quantity.yml and replaced with flow/dispatch-quantity-flow.yml
        └── addition -> Added flow/inventory-flow.yml, flow/purchase-flow.yml, and flow/sales-flow.yml

[2026-07-07 15:54:23] Integrated shadcn UI and added dark dashboard
└── File: packages/node/procureiq-nextjs/
    ├── Choice: Configured shadcn UI with dark mode layout and dashboard block
    └── Changes:
        ├── initialize -> Initialized shadcn UI and installed packages
        ├── components -> Added all ui components and dashboard-01 block
        └── integration -> Modified layout.tsx and page.tsx to render dashboard directly

[2026-07-07 16:01:22] Updated fonts and added helper docker build script
└── File: /home/btpl-lap-22/live/ProcureIQ/
    ├── Choice: Replaced default Geist fonts with Plus Jakarta Sans and JetBrains Mono, and added build-images.sh
    └── Changes:
        ├── fonts -> Changed typography in layout.tsx to Plus Jakarta Sans and JetBrains Mono
        └── script -> Created build-images.sh to automate Docker image builds across all packages

[2026-07-08 14:41:00] Created user auth schemas and pages
└── File: /home/btpl-lap-22/live/ProcureIQ/
    ├── Choice: JWT-based stateless authentication with AlloyDB persistence, OpenAPI first contract
    └── Changes:
        ├── contracts -> Added signup/login schemas and paths to v1.yaml
        ├── springboot-app -> Added SecurityConfig, AuthService, AuthController, User entities, and tests
        └── nextjs-app -> Added /login and /signup pages, and linked them in page.tsx

[2026-07-08 14:43:00] Reorganized package layout to vertical folder structure
└── File: /home/btpl-lap-22/live/ProcureIQ/packages/java/procureiq-springboot/
    ├── Choice: Vertical architecture aligned with policies/rules/folderStructure/api-structure.md
    └── Changes:
        ├── springboot-app -> Reorganized auth components to com.procureiq.springboot_app.{api.rest.v1.handlers, features.auth, infra.config}
        └── tracing -> Added OpenTelemetry tracing spans to AuthController and AuthService

[2026-07-09 12:29:00] Created database migration for Notification System schema & architecture
└── File: /home/btpl-lap-22/live/ProcureIQ/packages/java/procureiq-springboot/database/migrations/
    ├── Choice: Highly optimized 3NF and partitioned tables (range/hash) to handle high delivery load and audit trail
    └── Changes:
        ├── migrations -> Created 0001_create_notification_system.sql with strict constraints, indexes, soft-deletes and documentation
        ├── rollback -> Created 0001_create_notification_system.rollback.sql for dependency-ordered drops
        └── lock -> Created schema.lock targeting migration 0001

[2026-07-09 12:41:00] Implemented Java backend notification system APIs and business logic
└── File: /home/btpl-lap-22/live/ProcureIQ/packages/java/procureiq-springboot/src/
    ├── Choice: Explicit vertical architecture separating API endpoints (rest/v1) and business feature domains with OTEL tracing instrumentation
    └── Changes:
        ├── dtos -> Created 6 record classes (NotificationResponse, NotificationListResponse, SendNotificationRequest, UpdateNotificationStatusRequest, UnreadCountResponse, RegisterDeviceRequest)
        ├── entities -> Created JPA mapping objects (NotificationType, NotificationTemplate, Notification, NotificationRecipient, UserReadCursor, Device) using native SqlTypes.JSON mapping
        ├── repositories -> Created standard Spring Data JpaRepositories for entity operations
        ├── service -> Coded NotificationService wrapping paginated targeted/broadcast notification fetch, status changes, device registers and sends
        ├── handler -> Created NotificationController exposing HTTP REST endpoints instrumented with OpenTelemetry trace spans
        └── tests -> Coded integration suite in NotificationControllerTest passing all compile and runtime runs successfully

[2026-07-09 13:05:00] Implemented Notification background delivery worker & escalation engines
└── File: /home/btpl-lap-22/live/ProcureIQ/packages/java/procureiq-springboot/src/
    ├── Choice: Asynchronous scheduling daemon processing outbox, quiet hours, retries and escalations using Spring Scheduling
    └── Changes:
        ├── entities -> Added RoutingRule, EscalationPolicy, EscalationRun, and ChannelDelivery JPA entities
        ├── repositories -> Added corresponding JpaRepositories for new entities
        ├── scheduling -> Enabled scheduling via @EnableScheduling on SpringbootAppApplication
        ├── port -> Created NotificationSender interface in shared/ports/
        ├── adapter -> Coded MockNotificationSender in infra/adapters/ wrapping vendor calls in OpenTelemetry spans
        ├── worker -> Coded NotificationBackgroundWorker with scheduled loops processing queued deliveries (with backoffs) and advancing escalations
        └── tests -> Added testBackgroundWorkerProcessesPendingDeliveries verifying outbox pickup to NotificationControllerTest (19/19 tests passing)

[2026-07-09 13:13:00] Implemented future-scheduled notification filters and delivery deferrals
└── File: /home/btpl-lap-22/live/ProcureIQ/packages/java/procureiq-springboot/src/
    ├── Choice: Defer message processing by setting initial next_retry_at to scheduledFor and filtering future dates out of feeds
    └── Changes:
        ├── dtos -> Expanded SendNotificationRequest with scheduledFor parameter
        ├── service -> Updated sendNotification to record scheduledFor and set initial nextRetryAt on deliveries, and updated getNotifications/getUnreadCount to filter out future-scheduled items
        ├── repositories -> Added countUnreadTargetedActive JPQL query to filter unread count totals by release dates
        ├── documentation -> Updated flow/notification-flow.yml with user and system lifecycles detailing scheduling
        └── tests -> Coded testSendScheduledNotification verifying that future-scheduled items remain invisible (20/20 tests passing)

[2026-07-10 09:59:00] Created complete Field Service Core Data Model DDL, candidate matching and CRUD APIs, services, and tests
└── File: /home/btpl-lap-22/live/ProcureIQ/packages/java/procureiq-springboot/
    ├── Choice: Comprehensive FSL 6-cluster schema (Work Orders, Polymorphic Appointments, Territories, Skills, Capacities, Absences), JpaRepositories with FSL constraints native query matcher, and REST controller CRUD APIs following Single Responsibility Principle
    └── Changes:
        ├── contracts -> Added OperatingHours, ServiceTerritory, ServiceResource, WorkType, WorkOrder, ServiceAppointment, AssignedResource, and all 15 auxiliary FSL entity CRUD and matching API specs to v1.yaml
        ├── migrations -> Created 0002_create_field_service_system.sql matching FSL specifications with triggers and lock updates
        ├── entities -> Coded JPA mappings for all FSL core tables
        ├── repositories -> Coded Spring Data JPA repository interfaces and FSL candidate matching query in ServiceResourceRepository
        ├── service -> Programmed separate Service classes (OperatingHoursService, ServiceTerritoryService, ServiceResourceService, WorkTypeService, WorkOrderService, ServiceAppointmentService, and all 15 auxiliary FSL services) following SRP
        ├── handlers -> Created separate Controller classes (OperatingHoursController, ServiceTerritoryController, ServiceResourceController, WorkTypeController, WorkOrderController, ServiceAppointmentController, and all 15 auxiliary FSL controllers) exposing JSON endpoints using ApiResponse
        └── tests -> Coded integration suite in FieldServiceControllerTest verifying correct API functionality, matching, and auto-creation side effects
[2026-07-10 11:12:00] Configured Python Supabase connection and added FSL models/queries
└── File: /home/btpl-lap-22/live/ProcureIQ/packages/python/procureiq-python/
    ├── Choice: SQLAlchemy models mapping FSL database tables and candidate matching logic
    └── Changes:
        ├── config -> Created .env file and modified database.py to automatically load Supabase connection URL
        ├── models -> Created models.py declaring SQLAlchemy structures for FSL matching aggregates
        ├── queries -> Created queries.py containing SQL query builder for candidate allocation solver
        └── requirements -> Created requirements.txt containing all dependencies (including psycopg2-binary, SQLAlchemy, and dotenv)
